<?xml version="1.0" encoding="UTF-8"?>
<testng-results ignored="0" total="2" passed="2" failed="0" skipped="0">
  <reporter-output>
  </reporter-output>
  <suite started-at="2022-12-03T11:13:31 IST" name="Default suite" finished-at="2022-12-03T11:14:06 IST" duration-ms="34848">
    <groups>
    </groups>
    <test started-at="2022-12-03T11:13:31 IST" name="Default test" finished-at="2022-12-03T11:14:06 IST" duration-ms="34848">
      <class name="dummyframework1.tests.StandardTestExcelDriven">
        <test-method is-config="true" signature="initiatedriver()[pri:0, instance:dummyframework1.tests.StandardTestExcelDriven@4ee203eb]" started-at="2022-12-03T11:13:32 IST" name="initiatedriver" finished-at="2022-12-03T11:13:39 IST" duration-ms="6764" status="PASS">
          <reporter-output>
          </reporter-output>
        </test-method> <!-- initiatedriver -->
        <test-method signature="stdtest(java.lang.String,java.lang.String,java.lang.String)[pri:0, instance:dummyframework1.tests.StandardTestExcelDriven@4ee203eb]" started-at="2022-12-03T11:13:39 IST" name="stdtest" data-provider="getData" finished-at="2022-12-03T11:13:50 IST" duration-ms="11460" status="PASS">
          <params>
            <param index="0">
              <value>
                <![CDATA[abcd@abcd.com]]>
              </value>
            </param>
            <param index="1">
              <value>
                <![CDATA[March@2021]]>
              </value>
            </param>
            <param index="2">
              <value>
                <![CDATA[ADIDAS ORIGINAL]]>
              </value>
            </param>
          </params>
          <reporter-output>
          </reporter-output>
        </test-method> <!-- stdtest -->
        <test-method is-config="true" signature="closeBrowser()[pri:0, instance:dummyframework1.tests.StandardTestExcelDriven@4ee203eb]" started-at="2022-12-03T11:13:50 IST" name="closeBrowser" finished-at="2022-12-03T11:13:50 IST" duration-ms="105" status="PASS">
          <reporter-output>
          </reporter-output>
        </test-method> <!-- closeBrowser -->
        <test-method is-config="true" signature="initiatedriver()[pri:0, instance:dummyframework1.tests.StandardTestExcelDriven@4ee203eb]" started-at="2022-12-03T11:13:50 IST" name="initiatedriver" finished-at="2022-12-03T11:13:55 IST" duration-ms="4787" status="PASS">
          <reporter-output>
          </reporter-output>
        </test-method> <!-- initiatedriver -->
        <test-method signature="stdtest(java.lang.String,java.lang.String,java.lang.String)[pri:0, instance:dummyframework1.tests.StandardTestExcelDriven@4ee203eb]" started-at="2022-12-03T11:13:55 IST" name="stdtest" data-provider="getData" finished-at="2022-12-03T11:14:06 IST" duration-ms="10809" status="PASS">
          <params>
            <param index="0">
              <value>
                <![CDATA[qwerty@q.com]]>
              </value>
            </param>
            <param index="1">
              <value>
                <![CDATA[March@2021]]>
              </value>
            </param>
            <param index="2">
              <value>
                <![CDATA[ZARA COAT 3]]>
              </value>
            </param>
          </params>
          <reporter-output>
          </reporter-output>
        </test-method> <!-- stdtest -->
        <test-method is-config="true" signature="closeBrowser()[pri:0, instance:dummyframework1.tests.StandardTestExcelDriven@4ee203eb]" started-at="2022-12-03T11:14:06 IST" name="closeBrowser" finished-at="2022-12-03T11:14:06 IST" duration-ms="161" status="PASS">
          <reporter-output>
          </reporter-output>
        </test-method> <!-- closeBrowser -->
      </class> <!-- dummyframework1.tests.StandardTestExcelDriven -->
    </test> <!-- Default test -->
  </suite> <!-- Default suite -->
</testng-results>
