<?xml version="1.0" encoding="UTF-8"?>
<!-- Generated by org.testng.reporters.JUnitReportReporter -->
<testsuite hostname="192.168.1.2" failures="0" tests="1" name="cucumber.TestNGRunner" time="6.460" errors="1" timestamp="2022-11-23T16:38:01 IST" skipped="0">
  <testcase classname="cucumber.TestNGRunner" name="runScenario" time="6.460">
    <error message="Cannot invoke &quot;org.openqa.selenium.WebDriver.get(String)&quot; because &quot;this.driver&quot; is null" type="java.lang.NullPointerException">
      <![CDATA[java.lang.NullPointerException: Cannot invoke "org.openqa.selenium.WebDriver.get(String)" because "this.driver" is null
at dummyframework1.pageObjects.LandingPage.goTo(LandingPage.java:22)
at dummyframework1.StepDefination.StepDefinationImpl.I_have_landed_on_the_landing_page(StepDefinationImpl.java:38)
at ✽.I have landed on the landing page(file:///Users/sovansarthak/eclipse-workspace/dummyframework1/src/test/java/cucumber/StandardTest.feature:7)
]]>
    </error>
  </testcase> <!-- runScenario -->
  <system-out/>
</testsuite> <!-- cucumber.TestNGRunner -->
